<?xml version="1.0" encoding="UTF-8"?>
<testsuite xmlns:xsi="http://www.w3.org/2001/XMLSchema-instance" xsi:noNamespaceSchemaLocation="https://maven.apache.org/surefire/maven-surefire-plugin/xsd/surefire-test-report.xsd" name="csci310.servlets.CreateEventTest" time="0.11" tests="1" errors="0" skipped="0" failures="0">
  <properties>
    <property name="java.specification.version" value="14"/>
    <property name="sun.jnu.encoding" value="UTF-8"/>
    <property name="java.class.path" value="/Users/gordonsu/Documents/CSCI_310/20213-project-team34/target/test-classes:/Users/gordonsu/Documents/CSCI_310/20213-project-team34/target/classes:/Users/gordonsu/.m2/repository/junit/junit/4.13/junit-4.13.jar:/Users/gordonsu/.m2/repository/org/hamcrest/hamcrest-core/1.3/hamcrest-core-1.3.jar:/Users/gordonsu/.m2/repository/org/slf4j/slf4j-simple/1.7.30/slf4j-simple-1.7.30.jar:/Users/gordonsu/.m2/repository/org/slf4j/slf4j-api/1.7.30/slf4j-api-1.7.30.jar:/Users/gordonsu/.m2/repository/io/cucumber/cucumber-java/5.1.3/cucumber-java-5.1.3.jar:/Users/gordonsu/.m2/repository/io/cucumber/cucumber-core/5.1.3/cucumber-core-5.1.3.jar:/Users/gordonsu/.m2/repository/io/cucumber/cucumber-gherkin/5.1.3/cucumber-gherkin-5.1.3.jar:/Users/gordonsu/.m2/repository/io/cucumber/cucumber-gherkin-vintage/5.1.3/cucumber-gherkin-vintage-5.1.3.jar:/Users/gordonsu/.m2/repository/io/cucumber/tag-expressions/2.0.4/tag-expressions-2.0.4.jar:/Users/gordonsu/.m2/repository/io/cucumber/cucumber-expressions/8.3.1/cucumber-expressions-8.3.1.jar:/Users/gordonsu/.m2/repository/io/cucumber/datatable/3.2.1/datatable-3.2.1.jar:/Users/gordonsu/.m2/repository/io/cucumber/cucumber-plugin/5.1.3/cucumber-plugin-5.1.3.jar:/Users/gordonsu/.m2/repository/io/cucumber/docstring/5.1.3/docstring-5.1.3.jar:/Users/gordonsu/.m2/repository/org/apiguardian/apiguardian-api/1.1.0/apiguardian-api-1.1.0.jar:/Users/gordonsu/.m2/repository/io/cucumber/cucumber-junit/5.1.3/cucumber-junit-5.1.3.jar:/Users/gordonsu/.m2/repository/javax/servlet/javax.servlet-api/3.1.0/javax.servlet-api-3.1.0.jar:/Users/gordonsu/.m2/repository/org/seleniumhq/selenium/selenium-support/3.141.59/selenium-support-3.141.59.jar:/Users/gordonsu/.m2/repository/org/seleniumhq/selenium/selenium-api/3.141.59/selenium-api-3.141.59.jar:/Users/gordonsu/.m2/repository/org/seleniumhq/selenium/selenium-remote-driver/3.141.59/selenium-remote-driver-3.141.59.jar:/Users/gordonsu/.m2/repository/net/bytebuddy/byte-buddy/1.8.15/byte-buddy-1.8.15.jar:/Users/gordonsu/.m2/repository/org/apache/commons/commons-exec/1.3/commons-exec-1.3.jar:/Users/gordonsu/.m2/repository/com/google/guava/guava/25.0-jre/guava-25.0-jre.jar:/Users/gordonsu/.m2/repository/com/google/code/findbugs/jsr305/1.3.9/jsr305-1.3.9.jar:/Users/gordonsu/.m2/repository/org/checkerframework/checker-compat-qual/2.0.0/checker-compat-qual-2.0.0.jar:/Users/gordonsu/.m2/repository/com/google/errorprone/error_prone_annotations/2.1.3/error_prone_annotations-2.1.3.jar:/Users/gordonsu/.m2/repository/com/google/j2objc/j2objc-annotations/1.1/j2objc-annotations-1.1.jar:/Users/gordonsu/.m2/repository/org/codehaus/mojo/animal-sniffer-annotations/1.14/animal-sniffer-annotations-1.14.jar:/Users/gordonsu/.m2/repository/com/squareup/okhttp3/okhttp/3.11.0/okhttp-3.11.0.jar:/Users/gordonsu/.m2/repository/com/squareup/okio/okio/1.14.0/okio-1.14.0.jar:/Users/gordonsu/.m2/repository/org/seleniumhq/selenium/selenium-chrome-driver/3.141.59/selenium-chrome-driver-3.141.59.jar:/Users/gordonsu/.m2/repository/io/github/bonigarcia/webdrivermanager/5.0.2/webdrivermanager-5.0.2.jar:/Users/gordonsu/.m2/repository/org/jsoup/jsoup/1.14.2/jsoup-1.14.2.jar:/Users/gordonsu/.m2/repository/com/github/docker-java/docker-java/3.2.11/docker-java-3.2.11.jar:/Users/gordonsu/.m2/repository/com/github/docker-java/docker-java-core/3.2.11/docker-java-core-3.2.11.jar:/Users/gordonsu/.m2/repository/com/github/docker-java/docker-java-api/3.2.11/docker-java-api-3.2.11.jar:/Users/gordonsu/.m2/repository/com/fasterxml/jackson/core/jackson-annotations/2.10.3/jackson-annotations-2.10.3.jar:/Users/gordonsu/.m2/repository/commons-io/commons-io/2.6/commons-io-2.6.jar:/Users/gordonsu/.m2/repository/org/apache/commons/commons-compress/1.20/commons-compress-1.20.jar:/Users/gordonsu/.m2/repository/commons-lang/commons-lang/2.6/commons-lang-2.6.jar:/Users/gordonsu/.m2/repository/com/fasterxml/jackson/core/jackson-databind/2.10.3/jackson-databind-2.10.3.jar:/Users/gordonsu/.m2/repository/com/fasterxml/jackson/core/jackson-core/2.10.3/jackson-core-2.10.3.jar:/Users/gordonsu/.m2/repository/org/bouncycastle/bcpkix-jdk15on/1.64/bcpkix-jdk15on-1.64.jar:/Users/gordonsu/.m2/repository/org/bouncycastle/bcprov-jdk15on/1.64/bcprov-jdk15on-1.64.jar:/Users/gordonsu/.m2/repository/org/slf4j/jcl-over-slf4j/1.7.30/jcl-over-slf4j-1.7.30.jar:/Users/gordonsu/.m2/repository/com/github/docker-java/docker-java-transport-httpclient5/3.2.11/docker-java-transport-httpclient5-3.2.11.jar:/Users/gordonsu/.m2/repository/com/github/docker-java/docker-java-transport/3.2.11/docker-java-transport-3.2.11.jar:/Users/gordonsu/.m2/repository/org/apache/httpcomponents/client5/httpclient5/5.0.3/httpclient5-5.0.3.jar:/Users/gordonsu/.m2/repository/org/apache/httpcomponents/core5/httpcore5/5.0.2/httpcore5-5.0.2.jar:/Users/gordonsu/.m2/repository/commons-codec/commons-codec/1.13/commons-codec-1.13.jar:/Users/gordonsu/.m2/repository/net/java/dev/jna/jna/5.8.0/jna-5.8.0.jar:/Users/gordonsu/.m2/repository/org/brotli/dec/0.1.2/dec-0.1.2.jar:/Users/gordonsu/.m2/repository/mysql/mysql-connector-java/8.0.24/mysql-connector-java-8.0.24.jar:/Users/gordonsu/.m2/repository/com/google/protobuf/protobuf-java/3.11.4/protobuf-java-3.11.4.jar:/Users/gordonsu/.m2/repository/org/mockito/mockito-all/1.9.5/mockito-all-1.9.5.jar:/Users/gordonsu/.m2/repository/com/google/code/gson/gson/2.8.8/gson-2.8.8.jar:/Users/gordonsu/.m2/repository/org/xerial/sqlite-jdbc/3.32.3/sqlite-jdbc-3.32.3.jar:/Users/gordonsu/.m2/repository/com/googlecode/json-simple/json-simple/1.1.1/json-simple-1.1.1.jar:"/>
    <property name="java.vm.vendor" value="Oracle Corporation"/>
    <property name="sun.arch.data.model" value="64"/>
    <property name="java.vendor.url" value="https://java.oracle.com/"/>
    <property name="os.name" value="Mac OS X"/>
    <property name="java.vm.specification.version" value="14"/>
    <property name="sun.java.launcher" value="SUN_STANDARD"/>
    <property name="user.country" value="US"/>
    <property name="sun.boot.library.path" value="/Library/Java/JavaVirtualMachines/jdk-14.0.1.jdk/Contents/Home/lib"/>
    <property name="sun.java.command" value="/Users/gordonsu/Documents/CSCI_310/20213-project-team34/target/surefire/surefirebooter10159872164517149727.jar /Users/gordonsu/Documents/CSCI_310/20213-project-team34/target/surefire 2021-11-19T17-09-27_401-jvmRun1 surefire10145060715941637096tmp surefire_015680901704643107684tmp"/>
    <property name="http.nonProxyHosts" value="local|*.local|169.254/16|*.169.254/16"/>
    <property name="jdk.debug" value="release"/>
    <property name="surefire.test.class.path" value="/Users/gordonsu/Documents/CSCI_310/20213-project-team34/target/test-classes:/Users/gordonsu/Documents/CSCI_310/20213-project-team34/target/classes:/Users/gordonsu/.m2/repository/junit/junit/4.13/junit-4.13.jar:/Users/gordonsu/.m2/repository/org/hamcrest/hamcrest-core/1.3/hamcrest-core-1.3.jar:/Users/gordonsu/.m2/repository/org/slf4j/slf4j-simple/1.7.30/slf4j-simple-1.7.30.jar:/Users/gordonsu/.m2/repository/org/slf4j/slf4j-api/1.7.30/slf4j-api-1.7.30.jar:/Users/gordonsu/.m2/repository/io/cucumber/cucumber-java/5.1.3/cucumber-java-5.1.3.jar:/Users/gordonsu/.m2/repository/io/cucumber/cucumber-core/5.1.3/cucumber-core-5.1.3.jar:/Users/gordonsu/.m2/repository/io/cucumber/cucumber-gherkin/5.1.3/cucumber-gherkin-5.1.3.jar:/Users/gordonsu/.m2/repository/io/cucumber/cucumber-gherkin-vintage/5.1.3/cucumber-gherkin-vintage-5.1.3.jar:/Users/gordonsu/.m2/repository/io/cucumber/tag-expressions/2.0.4/tag-expressions-2.0.4.jar:/Users/gordonsu/.m2/repository/io/cucumber/cucumber-expressions/8.3.1/cucumber-expressions-8.3.1.jar:/Users/gordonsu/.m2/repository/io/cucumber/datatable/3.2.1/datatable-3.2.1.jar:/Users/gordonsu/.m2/repository/io/cucumber/cucumber-plugin/5.1.3/cucumber-plugin-5.1.3.jar:/Users/gordonsu/.m2/repository/io/cucumber/docstring/5.1.3/docstring-5.1.3.jar:/Users/gordonsu/.m2/repository/org/apiguardian/apiguardian-api/1.1.0/apiguardian-api-1.1.0.jar:/Users/gordonsu/.m2/repository/io/cucumber/cucumber-junit/5.1.3/cucumber-junit-5.1.3.jar:/Users/gordonsu/.m2/repository/javax/servlet/javax.servlet-api/3.1.0/javax.servlet-api-3.1.0.jar:/Users/gordonsu/.m2/repository/org/seleniumhq/selenium/selenium-support/3.141.59/selenium-support-3.141.59.jar:/Users/gordonsu/.m2/repository/org/seleniumhq/selenium/selenium-api/3.141.59/selenium-api-3.141.59.jar:/Users/gordonsu/.m2/repository/org/seleniumhq/selenium/selenium-remote-driver/3.141.59/selenium-remote-driver-3.141.59.jar:/Users/gordonsu/.m2/repository/net/bytebuddy/byte-buddy/1.8.15/byte-buddy-1.8.15.jar:/Users/gordonsu/.m2/repository/org/apache/commons/commons-exec/1.3/commons-exec-1.3.jar:/Users/gordonsu/.m2/repository/com/google/guava/guava/25.0-jre/guava-25.0-jre.jar:/Users/gordonsu/.m2/repository/com/google/code/findbugs/jsr305/1.3.9/jsr305-1.3.9.jar:/Users/gordonsu/.m2/repository/org/checkerframework/checker-compat-qual/2.0.0/checker-compat-qual-2.0.0.jar:/Users/gordonsu/.m2/repository/com/google/errorprone/error_prone_annotations/2.1.3/error_prone_annotations-2.1.3.jar:/Users/gordonsu/.m2/repository/com/google/j2objc/j2objc-annotations/1.1/j2objc-annotations-1.1.jar:/Users/gordonsu/.m2/repository/org/codehaus/mojo/animal-sniffer-annotations/1.14/animal-sniffer-annotations-1.14.jar:/Users/gordonsu/.m2/repository/com/squareup/okhttp3/okhttp/3.11.0/okhttp-3.11.0.jar:/Users/gordonsu/.m2/repository/com/squareup/okio/okio/1.14.0/okio-1.14.0.jar:/Users/gordonsu/.m2/repository/org/seleniumhq/selenium/selenium-chrome-driver/3.141.59/selenium-chrome-driver-3.141.59.jar:/Users/gordonsu/.m2/repository/io/github/bonigarcia/webdrivermanager/5.0.2/webdrivermanager-5.0.2.jar:/Users/gordonsu/.m2/repository/org/jsoup/jsoup/1.14.2/jsoup-1.14.2.jar:/Users/gordonsu/.m2/repository/com/github/docker-java/docker-java/3.2.11/docker-java-3.2.11.jar:/Users/gordonsu/.m2/repository/com/github/docker-java/docker-java-core/3.2.11/docker-java-core-3.2.11.jar:/Users/gordonsu/.m2/repository/com/github/docker-java/docker-java-api/3.2.11/docker-java-api-3.2.11.jar:/Users/gordonsu/.m2/repository/com/fasterxml/jackson/core/jackson-annotations/2.10.3/jackson-annotations-2.10.3.jar:/Users/gordonsu/.m2/repository/commons-io/commons-io/2.6/commons-io-2.6.jar:/Users/gordonsu/.m2/repository/org/apache/commons/commons-compress/1.20/commons-compress-1.20.jar:/Users/gordonsu/.m2/repository/commons-lang/commons-lang/2.6/commons-lang-2.6.jar:/Users/gordonsu/.m2/repository/com/fasterxml/jackson/core/jackson-databind/2.10.3/jackson-databind-2.10.3.jar:/Users/gordonsu/.m2/repository/com/fasterxml/jackson/core/jackson-core/2.10.3/jackson-core-2.10.3.jar:/Users/gordonsu/.m2/repository/org/bouncycastle/bcpkix-jdk15on/1.64/bcpkix-jdk15on-1.64.jar:/Users/gordonsu/.m2/repository/org/bouncycastle/bcprov-jdk15on/1.64/bcprov-jdk15on-1.64.jar:/Users/gordonsu/.m2/repository/org/slf4j/jcl-over-slf4j/1.7.30/jcl-over-slf4j-1.7.30.jar:/Users/gordonsu/.m2/repository/com/github/docker-java/docker-java-transport-httpclient5/3.2.11/docker-java-transport-httpclient5-3.2.11.jar:/Users/gordonsu/.m2/repository/com/github/docker-java/docker-java-transport/3.2.11/docker-java-transport-3.2.11.jar:/Users/gordonsu/.m2/repository/org/apache/httpcomponents/client5/httpclient5/5.0.3/httpclient5-5.0.3.jar:/Users/gordonsu/.m2/repository/org/apache/httpcomponents/core5/httpcore5/5.0.2/httpcore5-5.0.2.jar:/Users/gordonsu/.m2/repository/commons-codec/commons-codec/1.13/commons-codec-1.13.jar:/Users/gordonsu/.m2/repository/net/java/dev/jna/jna/5.8.0/jna-5.8.0.jar:/Users/gordonsu/.m2/repository/org/brotli/dec/0.1.2/dec-0.1.2.jar:/Users/gordonsu/.m2/repository/mysql/mysql-connector-java/8.0.24/mysql-connector-java-8.0.24.jar:/Users/gordonsu/.m2/repository/com/google/protobuf/protobuf-java/3.11.4/protobuf-java-3.11.4.jar:/Users/gordonsu/.m2/repository/org/mockito/mockito-all/1.9.5/mockito-all-1.9.5.jar:/Users/gordonsu/.m2/repository/com/google/code/gson/gson/2.8.8/gson-2.8.8.jar:/Users/gordonsu/.m2/repository/org/xerial/sqlite-jdbc/3.32.3/sqlite-jdbc-3.32.3.jar:/Users/gordonsu/.m2/repository/com/googlecode/json-simple/json-simple/1.1.1/json-simple-1.1.1.jar:"/>
    <property name="sun.cpu.endian" value="little"/>
    <property name="user.home" value="/Users/gordonsu"/>
    <property name="user.language" value="en"/>
    <property name="java.specification.vendor" value="Oracle Corporation"/>
    <property name="java.version.date" value="2020-04-14"/>
    <property name="java.home" value="/Library/Java/JavaVirtualMachines/jdk-14.0.1.jdk/Contents/Home"/>
    <property name="file.separator" value="/"/>
    <property name="basedir" value="/Users/gordonsu/Documents/CSCI_310/20213-project-team34"/>
    <property name="java.vm.compressedOopsMode" value="Zero based"/>
    <property name="line.separator" value="&#10;"/>
    <property name="java.specification.name" value="Java Platform API Specification"/>
    <property name="java.vm.specification.vendor" value="Oracle Corporation"/>
    <property name="surefire.real.class.path" value="/Users/gordonsu/Documents/CSCI_310/20213-project-team34/target/surefire/surefirebooter10159872164517149727.jar"/>
    <property name="sun.management.compiler" value="HotSpot 64-Bit Tiered Compilers"/>
    <property name="ftp.nonProxyHosts" value="local|*.local|169.254/16|*.169.254/16"/>
    <property name="java.runtime.version" value="14.0.1+7"/>
    <property name="user.name" value="gordonsu"/>
    <property name="path.separator" value=":"/>
    <property name="os.version" value="10.15.7"/>
    <property name="java.runtime.name" value="Java(TM) SE Runtime Environment"/>
    <property name="file.encoding" value="UTF-8"/>
    <property name="java.vm.name" value="Java HotSpot(TM) 64-Bit Server VM"/>
    <property name="localRepository" value="/Users/gordonsu/.m2/repository"/>
    <property name="java.vendor.url.bug" value="https://bugreport.java.com/bugreport/"/>
    <property name="java.io.tmpdir" value="/var/folders/2q/b2pqykvx51bbdt1yqjgmmqcr0000gn/T/"/>
    <property name="idea.version" value="2020.2.3"/>
    <property name="java.version" value="14.0.1"/>
    <property name="user.dir" value="/Users/gordonsu/Documents/CSCI_310/20213-project-team34"/>
    <property name="os.arch" value="x86_64"/>
    <property name="java.vm.specification.name" value="Java Virtual Machine Specification"/>
    <property name="java.library.path" value="/Users/gordonsu/Library/Java/Extensions:/Library/Java/Extensions:/Network/Library/Java/Extensions:/System/Library/Java/Extensions:/usr/lib/java:."/>
    <property name="java.vm.info" value="mixed mode, sharing"/>
    <property name="java.vendor" value="Oracle Corporation"/>
    <property name="java.vm.version" value="14.0.1+7"/>
    <property name="sun.io.unicode.encoding" value="UnicodeBig"/>
    <property name="socksNonProxyHosts" value="local|*.local|169.254/16|*.169.254/16"/>
    <property name="java.class.version" value="58.0"/>
  </properties>
  <testcase name="testDoPost" classname="csci310.servlets.CreateEventTest" time="0.105"/>
</testsuite>