<?xml version="1.0" encoding="UTF-8"?>
<testsuite xmlns:xsi="http://www.w3.org/2001/XMLSchema-instance" xsi:noNamespaceSchemaLocation="https://maven.apache.org/surefire/maven-failsafe-plugin/xsd/failsafe-test-report.xsd" name="cucumber.RunCucumberTests" time="0.117" tests="1" errors="1" skipped="0" failures="0">
  <properties>
    <property name="java.specification.version" value="14"/>
    <property name="sun.jnu.encoding" value="UTF-8"/>
    <property name="java.class.path" value="/Users/gordonsu/Documents/CSCI_310/20213-project-team34/target/test-classes:/Users/gordonsu/Documents/CSCI_310/20213-project-team34/target/classes:/Users/gordonsu/.m2/repository/org/springframework/security/spring-security-core/5.6.0/spring-security-core-5.6.0.jar:/Users/gordonsu/.m2/repository/org/springframework/security/spring-security-crypto/5.5.3/spring-security-crypto-5.5.3.jar:/Users/gordonsu/.m2/repository/org/springframework/spring-aop/5.3.12/spring-aop-5.3.12.jar:/Users/gordonsu/.m2/repository/org/springframework/spring-beans/5.3.12/spring-beans-5.3.12.jar:/Users/gordonsu/.m2/repository/org/springframework/spring-context/5.3.12/spring-context-5.3.12.jar:/Users/gordonsu/.m2/repository/org/springframework/spring-core/5.3.12/spring-core-5.3.12.jar:/Users/gordonsu/.m2/repository/org/springframework/spring-jcl/5.3.12/spring-jcl-5.3.12.jar:/Users/gordonsu/.m2/repository/org/springframework/spring-expression/5.3.12/spring-expression-5.3.12.jar:/Users/gordonsu/.m2/repository/org/springframework/security/spring-security-web/5.6.0/spring-security-web-5.6.0.jar:/Users/gordonsu/.m2/repository/org/springframework/spring-web/5.3.12/spring-web-5.3.12.jar:/Users/gordonsu/.m2/repository/org/springframework/security/spring-security-config/5.6.0/spring-security-config-5.6.0.jar:/Users/gordonsu/.m2/repository/io/jsonwebtoken/jjwt/0.9.1/jjwt-0.9.1.jar:/Users/gordonsu/.m2/repository/com/fasterxml/jackson/core/jackson-databind/2.12.5/jackson-databind-2.12.5.jar:/Users/gordonsu/.m2/repository/com/fasterxml/jackson/core/jackson-core/2.12.5/jackson-core-2.12.5.jar:/Users/gordonsu/.m2/repository/org/springframework/boot/spring-boot-starter-jetty/2.5.6/spring-boot-starter-jetty-2.5.6.jar:/Users/gordonsu/.m2/repository/jakarta/servlet/jakarta.servlet-api/4.0.4/jakarta.servlet-api-4.0.4.jar:/Users/gordonsu/.m2/repository/jakarta/websocket/jakarta.websocket-api/1.1.2/jakarta.websocket-api-1.1.2.jar:/Users/gordonsu/.m2/repository/org/apache/tomcat/embed/tomcat-embed-el/9.0.54/tomcat-embed-el-9.0.54.jar:/Users/gordonsu/.m2/repository/org/eclipse/jetty/jetty-servlets/9.4.44.v20210927/jetty-servlets-9.4.44.v20210927.jar:/Users/gordonsu/.m2/repository/org/eclipse/jetty/jetty-continuation/9.4.44.v20210927/jetty-continuation-9.4.44.v20210927.jar:/Users/gordonsu/.m2/repository/org/eclipse/jetty/jetty-http/9.4.44.v20210927/jetty-http-9.4.44.v20210927.jar:/Users/gordonsu/.m2/repository/org/eclipse/jetty/jetty-util/9.4.44.v20210927/jetty-util-9.4.44.v20210927.jar:/Users/gordonsu/.m2/repository/org/eclipse/jetty/jetty-io/9.4.44.v20210927/jetty-io-9.4.44.v20210927.jar:/Users/gordonsu/.m2/repository/org/eclipse/jetty/jetty-webapp/9.4.44.v20210927/jetty-webapp-9.4.44.v20210927.jar:/Users/gordonsu/.m2/repository/org/eclipse/jetty/jetty-xml/9.4.44.v20210927/jetty-xml-9.4.44.v20210927.jar:/Users/gordonsu/.m2/repository/org/eclipse/jetty/jetty-servlet/9.4.44.v20210927/jetty-servlet-9.4.44.v20210927.jar:/Users/gordonsu/.m2/repository/org/eclipse/jetty/jetty-security/9.4.44.v20210927/jetty-security-9.4.44.v20210927.jar:/Users/gordonsu/.m2/repository/org/eclipse/jetty/jetty-server/9.4.44.v20210927/jetty-server-9.4.44.v20210927.jar:/Users/gordonsu/.m2/repository/org/eclipse/jetty/jetty-util-ajax/9.4.44.v20210927/jetty-util-ajax-9.4.44.v20210927.jar:/Users/gordonsu/.m2/repository/org/eclipse/jetty/websocket/websocket-server/9.4.44.v20210927/websocket-server-9.4.44.v20210927.jar:/Users/gordonsu/.m2/repository/org/eclipse/jetty/websocket/websocket-common/9.4.44.v20210927/websocket-common-9.4.44.v20210927.jar:/Users/gordonsu/.m2/repository/org/eclipse/jetty/websocket/websocket-api/9.4.44.v20210927/websocket-api-9.4.44.v20210927.jar:/Users/gordonsu/.m2/repository/org/eclipse/jetty/websocket/websocket-client/9.4.44.v20210927/websocket-client-9.4.44.v20210927.jar:/Users/gordonsu/.m2/repository/org/eclipse/jetty/jetty-client/9.4.44.v20210927/jetty-client-9.4.44.v20210927.jar:/Users/gordonsu/.m2/repository/org/eclipse/jetty/websocket/websocket-servlet/9.4.44.v20210927/websocket-servlet-9.4.44.v20210927.jar:/Users/gordonsu/.m2/repository/org/eclipse/jetty/websocket/javax-websocket-server-impl/9.4.44.v20210927/javax-websocket-server-impl-9.4.44.v20210927.jar:/Users/gordonsu/.m2/repository/org/eclipse/jetty/jetty-annotations/9.4.44.v20210927/jetty-annotations-9.4.44.v20210927.jar:/Users/gordonsu/.m2/repository/org/eclipse/jetty/jetty-plus/9.4.44.v20210927/jetty-plus-9.4.44.v20210927.jar:/Users/gordonsu/.m2/repository/org/ow2/asm/asm/9.2/asm-9.2.jar:/Users/gordonsu/.m2/repository/org/ow2/asm/asm-commons/9.2/asm-commons-9.2.jar:/Users/gordonsu/.m2/repository/org/ow2/asm/asm-tree/9.2/asm-tree-9.2.jar:/Users/gordonsu/.m2/repository/org/ow2/asm/asm-analysis/9.2/asm-analysis-9.2.jar:/Users/gordonsu/.m2/repository/org/eclipse/jetty/websocket/javax-websocket-client-impl/9.4.44.v20210927/javax-websocket-client-impl-9.4.44.v20210927.jar:/Users/gordonsu/.m2/repository/org/hibernate/hibernate-core/5.6.1.Final/hibernate-core-5.6.1.Final.jar:/Users/gordonsu/.m2/repository/org/jboss/logging/jboss-logging/3.4.2.Final/jboss-logging-3.4.2.Final.jar:/Users/gordonsu/.m2/repository/javax/persistence/javax.persistence-api/2.2/javax.persistence-api-2.2.jar:/Users/gordonsu/.m2/repository/net/bytebuddy/byte-buddy/1.10.22/byte-buddy-1.10.22.jar:/Users/gordonsu/.m2/repository/antlr/antlr/2.7.7/antlr-2.7.7.jar:/Users/gordonsu/.m2/repository/org/jboss/spec/javax/transaction/jboss-transaction-api_1.2_spec/1.1.1.Final/jboss-transaction-api_1.2_spec-1.1.1.Final.jar:/Users/gordonsu/.m2/repository/org/jboss/jandex/2.2.3.Final/jandex-2.2.3.Final.jar:/Users/gordonsu/.m2/repository/com/fasterxml/classmate/1.5.1/classmate-1.5.1.jar:/Users/gordonsu/.m2/repository/javax/activation/javax.activation-api/1.2.0/javax.activation-api-1.2.0.jar:/Users/gordonsu/.m2/repository/org/hibernate/common/hibernate-commons-annotations/5.1.2.Final/hibernate-commons-annotations-5.1.2.Final.jar:/Users/gordonsu/.m2/repository/javax/xml/bind/jaxb-api/2.3.1/jaxb-api-2.3.1.jar:/Users/gordonsu/.m2/repository/org/glassfish/jaxb/jaxb-runtime/2.3.5/jaxb-runtime-2.3.5.jar:/Users/gordonsu/.m2/repository/org/glassfish/jaxb/txw2/2.3.5/txw2-2.3.5.jar:/Users/gordonsu/.m2/repository/com/sun/istack/istack-commons-runtime/3.0.12/istack-commons-runtime-3.0.12.jar:/Users/gordonsu/.m2/repository/com/sun/activation/jakarta.activation/1.2.2/jakarta.activation-1.2.2.jar:/Users/gordonsu/.m2/repository/org/springframework/data/spring-data-rest-webmvc/3.6.0/spring-data-rest-webmvc-3.6.0.jar:/Users/gordonsu/.m2/repository/org/springframework/data/spring-data-rest-core/3.5.6/spring-data-rest-core-3.5.6.jar:/Users/gordonsu/.m2/repository/org/springframework/spring-tx/5.3.12/spring-tx-5.3.12.jar:/Users/gordonsu/.m2/repository/org/springframework/hateoas/spring-hateoas/1.3.5/spring-hateoas-1.3.5.jar:/Users/gordonsu/.m2/repository/org/springframework/data/spring-data-commons/2.5.6/spring-data-commons-2.5.6.jar:/Users/gordonsu/.m2/repository/org/springframework/plugin/spring-plugin-core/2.0.0.RELEASE/spring-plugin-core-2.0.0.RELEASE.jar:/Users/gordonsu/.m2/repository/org/atteo/evo-inflector/1.2.2/evo-inflector-1.2.2.jar:/Users/gordonsu/.m2/repository/com/fasterxml/jackson/datatype/jackson-datatype-jdk8/2.12.5/jackson-datatype-jdk8-2.12.5.jar:/Users/gordonsu/.m2/repository/org/springframework/spring-webmvc/5.3.12/spring-webmvc-5.3.12.jar:/Users/gordonsu/.m2/repository/com/fasterxml/jackson/core/jackson-annotations/2.12.5/jackson-annotations-2.12.5.jar:/Users/gordonsu/.m2/repository/org/slf4j/slf4j-api/1.7.32/slf4j-api-1.7.32.jar:/Users/gordonsu/.m2/repository/org/springframework/boot/spring-boot-starter-data-jpa/2.5.6/spring-boot-starter-data-jpa-2.5.6.jar:/Users/gordonsu/.m2/repository/org/springframework/boot/spring-boot-starter-aop/2.5.6/spring-boot-starter-aop-2.5.6.jar:/Users/gordonsu/.m2/repository/org/aspectj/aspectjweaver/1.9.7/aspectjweaver-1.9.7.jar:/Users/gordonsu/.m2/repository/org/springframework/boot/spring-boot-starter-jdbc/2.5.6/spring-boot-starter-jdbc-2.5.6.jar:/Users/gordonsu/.m2/repository/com/zaxxer/HikariCP/4.0.3/HikariCP-4.0.3.jar:/Users/gordonsu/.m2/repository/org/springframework/spring-jdbc/5.3.12/spring-jdbc-5.3.12.jar:/Users/gordonsu/.m2/repository/jakarta/transaction/jakarta.transaction-api/1.3.3/jakarta.transaction-api-1.3.3.jar:/Users/gordonsu/.m2/repository/jakarta/persistence/jakarta.persistence-api/2.2.3/jakarta.persistence-api-2.2.3.jar:/Users/gordonsu/.m2/repository/org/springframework/data/spring-data-jpa/2.5.6/spring-data-jpa-2.5.6.jar:/Users/gordonsu/.m2/repository/org/springframework/spring-orm/5.3.12/spring-orm-5.3.12.jar:/Users/gordonsu/.m2/repository/org/springframework/spring-aspects/5.3.12/spring-aspects-5.3.12.jar:/Users/gordonsu/.m2/repository/org/springframework/boot/spring-boot-starter-validation/2.5.6/spring-boot-starter-validation-2.5.6.jar:/Users/gordonsu/.m2/repository/org/springframework/boot/spring-boot-starter/2.5.6/spring-boot-starter-2.5.6.jar:/Users/gordonsu/.m2/repository/org/springframework/boot/spring-boot/2.5.6/spring-boot-2.5.6.jar:/Users/gordonsu/.m2/repository/org/springframework/boot/spring-boot-autoconfigure/2.5.6/spring-boot-autoconfigure-2.5.6.jar:/Users/gordonsu/.m2/repository/org/springframework/boot/spring-boot-starter-logging/2.5.6/spring-boot-starter-logging-2.5.6.jar:/Users/gordonsu/.m2/repository/ch/qos/logback/logback-classic/1.2.6/logback-classic-1.2.6.jar:/Users/gordonsu/.m2/repository/ch/qos/logback/logback-core/1.2.6/logback-core-1.2.6.jar:/Users/gordonsu/.m2/repository/org/apache/logging/log4j/log4j-to-slf4j/2.14.1/log4j-to-slf4j-2.14.1.jar:/Users/gordonsu/.m2/repository/org/apache/logging/log4j/log4j-api/2.14.1/log4j-api-2.14.1.jar:/Users/gordonsu/.m2/repository/org/slf4j/jul-to-slf4j/1.7.32/jul-to-slf4j-1.7.32.jar:/Users/gordonsu/.m2/repository/jakarta/annotation/jakarta.annotation-api/1.3.5/jakarta.annotation-api-1.3.5.jar:/Users/gordonsu/.m2/repository/org/yaml/snakeyaml/1.28/snakeyaml-1.28.jar:/Users/gordonsu/.m2/repository/org/hibernate/validator/hibernate-validator/6.2.0.Final/hibernate-validator-6.2.0.Final.jar:/Users/gordonsu/.m2/repository/jakarta/validation/jakarta.validation-api/2.0.2/jakarta.validation-api-2.0.2.jar:/Users/gordonsu/.m2/repository/org/springframework/boot/spring-boot-starter-web/2.5.6/spring-boot-starter-web-2.5.6.jar:/Users/gordonsu/.m2/repository/org/springframework/boot/spring-boot-starter-json/2.5.6/spring-boot-starter-json-2.5.6.jar:/Users/gordonsu/.m2/repository/com/fasterxml/jackson/datatype/jackson-datatype-jsr310/2.12.5/jackson-datatype-jsr310-2.12.5.jar:/Users/gordonsu/.m2/repository/com/fasterxml/jackson/module/jackson-module-parameter-names/2.12.5/jackson-module-parameter-names-2.12.5.jar:/Users/gordonsu/.m2/repository/org/springframework/boot/spring-boot-starter-test/2.5.6/spring-boot-starter-test-2.5.6.jar:/Users/gordonsu/.m2/repository/org/springframework/boot/spring-boot-test/2.5.6/spring-boot-test-2.5.6.jar:/Users/gordonsu/.m2/repository/org/springframework/boot/spring-boot-test-autoconfigure/2.5.6/spring-boot-test-autoconfigure-2.5.6.jar:/Users/gordonsu/.m2/repository/com/jayway/jsonpath/json-path/2.5.0/json-path-2.5.0.jar:/Users/gordonsu/.m2/repository/net/minidev/json-smart/2.4.7/json-smart-2.4.7.jar:/Users/gordonsu/.m2/repository/net/minidev/accessors-smart/2.4.7/accessors-smart-2.4.7.jar:/Users/gordonsu/.m2/repository/jakarta/xml/bind/jakarta.xml.bind-api/2.3.3/jakarta.xml.bind-api-2.3.3.jar:/Users/gordonsu/.m2/repository/jakarta/activation/jakarta.activation-api/1.2.2/jakarta.activation-api-1.2.2.jar:/Users/gordonsu/.m2/repository/org/assertj/assertj-core/3.19.0/assertj-core-3.19.0.jar:/Users/gordonsu/.m2/repository/org/hamcrest/hamcrest/2.2/hamcrest-2.2.jar:/Users/gordonsu/.m2/repository/org/junit/jupiter/junit-jupiter/5.7.2/junit-jupiter-5.7.2.jar:/Users/gordonsu/.m2/repository/org/junit/jupiter/junit-jupiter-api/5.7.2/junit-jupiter-api-5.7.2.jar:/Users/gordonsu/.m2/repository/org/junit/jupiter/junit-jupiter-params/5.7.2/junit-jupiter-params-5.7.2.jar:/Users/gordonsu/.m2/repository/org/junit/jupiter/junit-jupiter-engine/5.7.2/junit-jupiter-engine-5.7.2.jar:/Users/gordonsu/.m2/repository/org/mockito/mockito-core/3.9.0/mockito-core-3.9.0.jar:/Users/gordonsu/.m2/repository/net/bytebuddy/byte-buddy-agent/1.10.22/byte-buddy-agent-1.10.22.jar:/Users/gordonsu/.m2/repository/org/objenesis/objenesis/3.2/objenesis-3.2.jar:/Users/gordonsu/.m2/repository/org/mockito/mockito-junit-jupiter/3.9.0/mockito-junit-jupiter-3.9.0.jar:/Users/gordonsu/.m2/repository/org/skyscreamer/jsonassert/1.5.0/jsonassert-1.5.0.jar:/Users/gordonsu/.m2/repository/com/vaadin/external/google/android-json/0.0.20131108.vaadin1/android-json-0.0.20131108.vaadin1.jar:/Users/gordonsu/.m2/repository/org/springframework/spring-test/5.3.12/spring-test-5.3.12.jar:/Users/gordonsu/.m2/repository/org/xmlunit/xmlunit-core/2.8.3/xmlunit-core-2.8.3.jar:/Users/gordonsu/.m2/repository/junit/junit/4.13/junit-4.13.jar:/Users/gordonsu/.m2/repository/org/hamcrest/hamcrest-core/2.2/hamcrest-core-2.2.jar:/Users/gordonsu/.m2/repository/org/junit/vintage/junit-vintage-engine/5.7.2/junit-vintage-engine-5.7.2.jar:/Users/gordonsu/.m2/repository/org/apiguardian/apiguardian-api/1.1.0/apiguardian-api-1.1.0.jar:/Users/gordonsu/.m2/repository/org/junit/platform/junit-platform-engine/1.7.2/junit-platform-engine-1.7.2.jar:/Users/gordonsu/.m2/repository/org/opentest4j/opentest4j/1.2.0/opentest4j-1.2.0.jar:/Users/gordonsu/.m2/repository/org/junit/platform/junit-platform-commons/1.7.2/junit-platform-commons-1.7.2.jar:/Users/gordonsu/.m2/repository/org/slf4j/slf4j-simple/1.7.30/slf4j-simple-1.7.30.jar:/Users/gordonsu/.m2/repository/io/cucumber/cucumber-java/5.1.3/cucumber-java-5.1.3.jar:/Users/gordonsu/.m2/repository/io/cucumber/cucumber-core/5.1.3/cucumber-core-5.1.3.jar:/Users/gordonsu/.m2/repository/io/cucumber/cucumber-gherkin/5.1.3/cucumber-gherkin-5.1.3.jar:/Users/gordonsu/.m2/repository/io/cucumber/cucumber-gherkin-vintage/5.1.3/cucumber-gherkin-vintage-5.1.3.jar:/Users/gordonsu/.m2/repository/io/cucumber/tag-expressions/2.0.4/tag-expressions-2.0.4.jar:/Users/gordonsu/.m2/repository/io/cucumber/cucumber-expressions/8.3.1/cucumber-expressions-8.3.1.jar:/Users/gordonsu/.m2/repository/io/cucumber/datatable/3.2.1/datatable-3.2.1.jar:/Users/gordonsu/.m2/repository/io/cucumber/cucumber-plugin/5.1.3/cucumber-plugin-5.1.3.jar:/Users/gordonsu/.m2/repository/io/cucumber/docstring/5.1.3/docstring-5.1.3.jar:/Users/gordonsu/.m2/repository/io/cucumber/cucumber-junit/5.1.3/cucumber-junit-5.1.3.jar:/Users/gordonsu/.m2/repository/javax/servlet/javax.servlet-api/3.1.0/javax.servlet-api-3.1.0.jar:/Users/gordonsu/.m2/repository/org/seleniumhq/selenium/selenium-support/3.141.59/selenium-support-3.141.59.jar:/Users/gordonsu/.m2/repository/org/seleniumhq/selenium/selenium-api/3.141.59/selenium-api-3.141.59.jar:/Users/gordonsu/.m2/repository/org/seleniumhq/selenium/selenium-remote-driver/3.141.59/selenium-remote-driver-3.141.59.jar:/Users/gordonsu/.m2/repository/org/apache/commons/commons-exec/1.3/commons-exec-1.3.jar:/Users/gordonsu/.m2/repository/com/google/guava/guava/25.0-jre/guava-25.0-jre.jar:/Users/gordonsu/.m2/repository/com/google/code/findbugs/jsr305/1.3.9/jsr305-1.3.9.jar:/Users/gordonsu/.m2/repository/org/checkerframework/checker-compat-qual/2.0.0/checker-compat-qual-2.0.0.jar:/Users/gordonsu/.m2/repository/com/google/errorprone/error_prone_annotations/2.1.3/error_prone_annotations-2.1.3.jar:/Users/gordonsu/.m2/repository/com/google/j2objc/j2objc-annotations/1.1/j2objc-annotations-1.1.jar:/Users/gordonsu/.m2/repository/org/codehaus/mojo/animal-sniffer-annotations/1.14/animal-sniffer-annotations-1.14.jar:/Users/gordonsu/.m2/repository/com/squareup/okhttp3/okhttp/3.14.9/okhttp-3.14.9.jar:/Users/gordonsu/.m2/repository/com/squareup/okio/okio/1.14.0/okio-1.14.0.jar:/Users/gordonsu/.m2/repository/org/seleniumhq/selenium/selenium-chrome-driver/3.141.59/selenium-chrome-driver-3.141.59.jar:/Users/gordonsu/.m2/repository/io/github/bonigarcia/webdrivermanager/5.0.2/webdrivermanager-5.0.2.jar:/Users/gordonsu/.m2/repository/org/jsoup/jsoup/1.14.2/jsoup-1.14.2.jar:/Users/gordonsu/.m2/repository/com/github/docker-java/docker-java/3.2.11/docker-java-3.2.11.jar:/Users/gordonsu/.m2/repository/com/github/docker-java/docker-java-core/3.2.11/docker-java-core-3.2.11.jar:/Users/gordonsu/.m2/repository/com/github/docker-java/docker-java-api/3.2.11/docker-java-api-3.2.11.jar:/Users/gordonsu/.m2/repository/commons-io/commons-io/2.6/commons-io-2.6.jar:/Users/gordonsu/.m2/repository/org/apache/commons/commons-compress/1.20/commons-compress-1.20.jar:/Users/gordonsu/.m2/repository/commons-lang/commons-lang/2.6/commons-lang-2.6.jar:/Users/gordonsu/.m2/repository/org/bouncycastle/bcpkix-jdk15on/1.64/bcpkix-jdk15on-1.64.jar:/Users/gordonsu/.m2/repository/org/bouncycastle/bcprov-jdk15on/1.64/bcprov-jdk15on-1.64.jar:/Users/gordonsu/.m2/repository/org/slf4j/jcl-over-slf4j/1.7.32/jcl-over-slf4j-1.7.32.jar:/Users/gordonsu/.m2/repository/com/github/docker-java/docker-java-transport-httpclient5/3.2.11/docker-java-transport-httpclient5-3.2.11.jar:/Users/gordonsu/.m2/repository/com/github/docker-java/docker-java-transport/3.2.11/docker-java-transport-3.2.11.jar:/Users/gordonsu/.m2/repository/org/apache/httpcomponents/client5/httpclient5/5.0.4/httpclient5-5.0.4.jar:/Users/gordonsu/.m2/repository/org/apache/httpcomponents/core5/httpcore5/5.1.2/httpcore5-5.1.2.jar:/Users/gordonsu/.m2/repository/commons-codec/commons-codec/1.15/commons-codec-1.15.jar:/Users/gordonsu/.m2/repository/net/java/dev/jna/jna/5.8.0/jna-5.8.0.jar:/Users/gordonsu/.m2/repository/org/brotli/dec/0.1.2/dec-0.1.2.jar:/Users/gordonsu/.m2/repository/org/mockito/mockito-all/1.9.5/mockito-all-1.9.5.jar:/Users/gordonsu/.m2/repository/com/google/code/gson/gson/2.8.8/gson-2.8.8.jar:/Users/gordonsu/.m2/repository/org/xerial/sqlite-jdbc/3.32.3/sqlite-jdbc-3.32.3.jar:/Users/gordonsu/.m2/repository/com/googlecode/json-simple/json-simple/1.1.1/json-simple-1.1.1.jar:"/>
    <property name="java.vm.vendor" value="Oracle Corporation"/>
    <property name="sun.arch.data.model" value="64"/>
    <property name="java.vendor.url" value="https://java.oracle.com/"/>
    <property name="os.name" value="Mac OS X"/>
    <property name="java.vm.specification.version" value="14"/>
    <property name="sun.java.launcher" value="SUN_STANDARD"/>
    <property name="user.country" value="US"/>
    <property name="sun.boot.library.path" value="/Library/Java/JavaVirtualMachines/jdk-14.0.1.jdk/Contents/Home/lib"/>
    <property name="sun.java.command" value="/Users/gordonsu/Documents/CSCI_310/20213-project-team34/target/surefire/surefirebooter7231501578136590663.jar /Users/gordonsu/Documents/CSCI_310/20213-project-team34/target/surefire 2021-12-03T13-56-51_756-jvmRun1 surefire6709848116232396591tmp surefire_017268203639972308282tmp"/>
    <property name="http.nonProxyHosts" value="local|*.local|169.254/16|*.169.254/16"/>
    <property name="jdk.debug" value="release"/>
    <property name="surefire.test.class.path" value="/Users/gordonsu/Documents/CSCI_310/20213-project-team34/target/test-classes:/Users/gordonsu/Documents/CSCI_310/20213-project-team34/target/classes:/Users/gordonsu/.m2/repository/org/springframework/security/spring-security-core/5.6.0/spring-security-core-5.6.0.jar:/Users/gordonsu/.m2/repository/org/springframework/security/spring-security-crypto/5.5.3/spring-security-crypto-5.5.3.jar:/Users/gordonsu/.m2/repository/org/springframework/spring-aop/5.3.12/spring-aop-5.3.12.jar:/Users/gordonsu/.m2/repository/org/springframework/spring-beans/5.3.12/spring-beans-5.3.12.jar:/Users/gordonsu/.m2/repository/org/springframework/spring-context/5.3.12/spring-context-5.3.12.jar:/Users/gordonsu/.m2/repository/org/springframework/spring-core/5.3.12/spring-core-5.3.12.jar:/Users/gordonsu/.m2/repository/org/springframework/spring-jcl/5.3.12/spring-jcl-5.3.12.jar:/Users/gordonsu/.m2/repository/org/springframework/spring-expression/5.3.12/spring-expression-5.3.12.jar:/Users/gordonsu/.m2/repository/org/springframework/security/spring-security-web/5.6.0/spring-security-web-5.6.0.jar:/Users/gordonsu/.m2/repository/org/springframework/spring-web/5.3.12/spring-web-5.3.12.jar:/Users/gordonsu/.m2/repository/org/springframework/security/spring-security-config/5.6.0/spring-security-config-5.6.0.jar:/Users/gordonsu/.m2/repository/io/jsonwebtoken/jjwt/0.9.1/jjwt-0.9.1.jar:/Users/gordonsu/.m2/repository/com/fasterxml/jackson/core/jackson-databind/2.12.5/jackson-databind-2.12.5.jar:/Users/gordonsu/.m2/repository/com/fasterxml/jackson/core/jackson-core/2.12.5/jackson-core-2.12.5.jar:/Users/gordonsu/.m2/repository/org/springframework/boot/spring-boot-starter-jetty/2.5.6/spring-boot-starter-jetty-2.5.6.jar:/Users/gordonsu/.m2/repository/jakarta/servlet/jakarta.servlet-api/4.0.4/jakarta.servlet-api-4.0.4.jar:/Users/gordonsu/.m2/repository/jakarta/websocket/jakarta.websocket-api/1.1.2/jakarta.websocket-api-1.1.2.jar:/Users/gordonsu/.m2/repository/org/apache/tomcat/embed/tomcat-embed-el/9.0.54/tomcat-embed-el-9.0.54.jar:/Users/gordonsu/.m2/repository/org/eclipse/jetty/jetty-servlets/9.4.44.v20210927/jetty-servlets-9.4.44.v20210927.jar:/Users/gordonsu/.m2/repository/org/eclipse/jetty/jetty-continuation/9.4.44.v20210927/jetty-continuation-9.4.44.v20210927.jar:/Users/gordonsu/.m2/repository/org/eclipse/jetty/jetty-http/9.4.44.v20210927/jetty-http-9.4.44.v20210927.jar:/Users/gordonsu/.m2/repository/org/eclipse/jetty/jetty-util/9.4.44.v20210927/jetty-util-9.4.44.v20210927.jar:/Users/gordonsu/.m2/repository/org/eclipse/jetty/jetty-io/9.4.44.v20210927/jetty-io-9.4.44.v20210927.jar:/Users/gordonsu/.m2/repository/org/eclipse/jetty/jetty-webapp/9.4.44.v20210927/jetty-webapp-9.4.44.v20210927.jar:/Users/gordonsu/.m2/repository/org/eclipse/jetty/jetty-xml/9.4.44.v20210927/jetty-xml-9.4.44.v20210927.jar:/Users/gordonsu/.m2/repository/org/eclipse/jetty/jetty-servlet/9.4.44.v20210927/jetty-servlet-9.4.44.v20210927.jar:/Users/gordonsu/.m2/repository/org/eclipse/jetty/jetty-security/9.4.44.v20210927/jetty-security-9.4.44.v20210927.jar:/Users/gordonsu/.m2/repository/org/eclipse/jetty/jetty-server/9.4.44.v20210927/jetty-server-9.4.44.v20210927.jar:/Users/gordonsu/.m2/repository/org/eclipse/jetty/jetty-util-ajax/9.4.44.v20210927/jetty-util-ajax-9.4.44.v20210927.jar:/Users/gordonsu/.m2/repository/org/eclipse/jetty/websocket/websocket-server/9.4.44.v20210927/websocket-server-9.4.44.v20210927.jar:/Users/gordonsu/.m2/repository/org/eclipse/jetty/websocket/websocket-common/9.4.44.v20210927/websocket-common-9.4.44.v20210927.jar:/Users/gordonsu/.m2/repository/org/eclipse/jetty/websocket/websocket-api/9.4.44.v20210927/websocket-api-9.4.44.v20210927.jar:/Users/gordonsu/.m2/repository/org/eclipse/jetty/websocket/websocket-client/9.4.44.v20210927/websocket-client-9.4.44.v20210927.jar:/Users/gordonsu/.m2/repository/org/eclipse/jetty/jetty-client/9.4.44.v20210927/jetty-client-9.4.44.v20210927.jar:/Users/gordonsu/.m2/repository/org/eclipse/jetty/websocket/websocket-servlet/9.4.44.v20210927/websocket-servlet-9.4.44.v20210927.jar:/Users/gordonsu/.m2/repository/org/eclipse/jetty/websocket/javax-websocket-server-impl/9.4.44.v20210927/javax-websocket-server-impl-9.4.44.v20210927.jar:/Users/gordonsu/.m2/repository/org/eclipse/jetty/jetty-annotations/9.4.44.v20210927/jetty-annotations-9.4.44.v20210927.jar:/Users/gordonsu/.m2/repository/org/eclipse/jetty/jetty-plus/9.4.44.v20210927/jetty-plus-9.4.44.v20210927.jar:/Users/gordonsu/.m2/repository/org/ow2/asm/asm/9.2/asm-9.2.jar:/Users/gordonsu/.m2/repository/org/ow2/asm/asm-commons/9.2/asm-commons-9.2.jar:/Users/gordonsu/.m2/repository/org/ow2/asm/asm-tree/9.2/asm-tree-9.2.jar:/Users/gordonsu/.m2/repository/org/ow2/asm/asm-analysis/9.2/asm-analysis-9.2.jar:/Users/gordonsu/.m2/repository/org/eclipse/jetty/websocket/javax-websocket-client-impl/9.4.44.v20210927/javax-websocket-client-impl-9.4.44.v20210927.jar:/Users/gordonsu/.m2/repository/org/hibernate/hibernate-core/5.6.1.Final/hibernate-core-5.6.1.Final.jar:/Users/gordonsu/.m2/repository/org/jboss/logging/jboss-logging/3.4.2.Final/jboss-logging-3.4.2.Final.jar:/Users/gordonsu/.m2/repository/javax/persistence/javax.persistence-api/2.2/javax.persistence-api-2.2.jar:/Users/gordonsu/.m2/repository/net/bytebuddy/byte-buddy/1.10.22/byte-buddy-1.10.22.jar:/Users/gordonsu/.m2/repository/antlr/antlr/2.7.7/antlr-2.7.7.jar:/Users/gordonsu/.m2/repository/org/jboss/spec/javax/transaction/jboss-transaction-api_1.2_spec/1.1.1.Final/jboss-transaction-api_1.2_spec-1.1.1.Final.jar:/Users/gordonsu/.m2/repository/org/jboss/jandex/2.2.3.Final/jandex-2.2.3.Final.jar:/Users/gordonsu/.m2/repository/com/fasterxml/classmate/1.5.1/classmate-1.5.1.jar:/Users/gordonsu/.m2/repository/javax/activation/javax.activation-api/1.2.0/javax.activation-api-1.2.0.jar:/Users/gordonsu/.m2/repository/org/hibernate/common/hibernate-commons-annotations/5.1.2.Final/hibernate-commons-annotations-5.1.2.Final.jar:/Users/gordonsu/.m2/repository/javax/xml/bind/jaxb-api/2.3.1/jaxb-api-2.3.1.jar:/Users/gordonsu/.m2/repository/org/glassfish/jaxb/jaxb-runtime/2.3.5/jaxb-runtime-2.3.5.jar:/Users/gordonsu/.m2/repository/org/glassfish/jaxb/txw2/2.3.5/txw2-2.3.5.jar:/Users/gordonsu/.m2/repository/com/sun/istack/istack-commons-runtime/3.0.12/istack-commons-runtime-3.0.12.jar:/Users/gordonsu/.m2/repository/com/sun/activation/jakarta.activation/1.2.2/jakarta.activation-1.2.2.jar:/Users/gordonsu/.m2/repository/org/springframework/data/spring-data-rest-webmvc/3.6.0/spring-data-rest-webmvc-3.6.0.jar:/Users/gordonsu/.m2/repository/org/springframework/data/spring-data-rest-core/3.5.6/spring-data-rest-core-3.5.6.jar:/Users/gordonsu/.m2/repository/org/springframework/spring-tx/5.3.12/spring-tx-5.3.12.jar:/Users/gordonsu/.m2/repository/org/springframework/hateoas/spring-hateoas/1.3.5/spring-hateoas-1.3.5.jar:/Users/gordonsu/.m2/repository/org/springframework/data/spring-data-commons/2.5.6/spring-data-commons-2.5.6.jar:/Users/gordonsu/.m2/repository/org/springframework/plugin/spring-plugin-core/2.0.0.RELEASE/spring-plugin-core-2.0.0.RELEASE.jar:/Users/gordonsu/.m2/repository/org/atteo/evo-inflector/1.2.2/evo-inflector-1.2.2.jar:/Users/gordonsu/.m2/repository/com/fasterxml/jackson/datatype/jackson-datatype-jdk8/2.12.5/jackson-datatype-jdk8-2.12.5.jar:/Users/gordonsu/.m2/repository/org/springframework/spring-webmvc/5.3.12/spring-webmvc-5.3.12.jar:/Users/gordonsu/.m2/repository/com/fasterxml/jackson/core/jackson-annotations/2.12.5/jackson-annotations-2.12.5.jar:/Users/gordonsu/.m2/repository/org/slf4j/slf4j-api/1.7.32/slf4j-api-1.7.32.jar:/Users/gordonsu/.m2/repository/org/springframework/boot/spring-boot-starter-data-jpa/2.5.6/spring-boot-starter-data-jpa-2.5.6.jar:/Users/gordonsu/.m2/repository/org/springframework/boot/spring-boot-starter-aop/2.5.6/spring-boot-starter-aop-2.5.6.jar:/Users/gordonsu/.m2/repository/org/aspectj/aspectjweaver/1.9.7/aspectjweaver-1.9.7.jar:/Users/gordonsu/.m2/repository/org/springframework/boot/spring-boot-starter-jdbc/2.5.6/spring-boot-starter-jdbc-2.5.6.jar:/Users/gordonsu/.m2/repository/com/zaxxer/HikariCP/4.0.3/HikariCP-4.0.3.jar:/Users/gordonsu/.m2/repository/org/springframework/spring-jdbc/5.3.12/spring-jdbc-5.3.12.jar:/Users/gordonsu/.m2/repository/jakarta/transaction/jakarta.transaction-api/1.3.3/jakarta.transaction-api-1.3.3.jar:/Users/gordonsu/.m2/repository/jakarta/persistence/jakarta.persistence-api/2.2.3/jakarta.persistence-api-2.2.3.jar:/Users/gordonsu/.m2/repository/org/springframework/data/spring-data-jpa/2.5.6/spring-data-jpa-2.5.6.jar:/Users/gordonsu/.m2/repository/org/springframework/spring-orm/5.3.12/spring-orm-5.3.12.jar:/Users/gordonsu/.m2/repository/org/springframework/spring-aspects/5.3.12/spring-aspects-5.3.12.jar:/Users/gordonsu/.m2/repository/org/springframework/boot/spring-boot-starter-validation/2.5.6/spring-boot-starter-validation-2.5.6.jar:/Users/gordonsu/.m2/repository/org/springframework/boot/spring-boot-starter/2.5.6/spring-boot-starter-2.5.6.jar:/Users/gordonsu/.m2/repository/org/springframework/boot/spring-boot/2.5.6/spring-boot-2.5.6.jar:/Users/gordonsu/.m2/repository/org/springframework/boot/spring-boot-autoconfigure/2.5.6/spring-boot-autoconfigure-2.5.6.jar:/Users/gordonsu/.m2/repository/org/springframework/boot/spring-boot-starter-logging/2.5.6/spring-boot-starter-logging-2.5.6.jar:/Users/gordonsu/.m2/repository/ch/qos/logback/logback-classic/1.2.6/logback-classic-1.2.6.jar:/Users/gordonsu/.m2/repository/ch/qos/logback/logback-core/1.2.6/logback-core-1.2.6.jar:/Users/gordonsu/.m2/repository/org/apache/logging/log4j/log4j-to-slf4j/2.14.1/log4j-to-slf4j-2.14.1.jar:/Users/gordonsu/.m2/repository/org/apache/logging/log4j/log4j-api/2.14.1/log4j-api-2.14.1.jar:/Users/gordonsu/.m2/repository/org/slf4j/jul-to-slf4j/1.7.32/jul-to-slf4j-1.7.32.jar:/Users/gordonsu/.m2/repository/jakarta/annotation/jakarta.annotation-api/1.3.5/jakarta.annotation-api-1.3.5.jar:/Users/gordonsu/.m2/repository/org/yaml/snakeyaml/1.28/snakeyaml-1.28.jar:/Users/gordonsu/.m2/repository/org/hibernate/validator/hibernate-validator/6.2.0.Final/hibernate-validator-6.2.0.Final.jar:/Users/gordonsu/.m2/repository/jakarta/validation/jakarta.validation-api/2.0.2/jakarta.validation-api-2.0.2.jar:/Users/gordonsu/.m2/repository/org/springframework/boot/spring-boot-starter-web/2.5.6/spring-boot-starter-web-2.5.6.jar:/Users/gordonsu/.m2/repository/org/springframework/boot/spring-boot-starter-json/2.5.6/spring-boot-starter-json-2.5.6.jar:/Users/gordonsu/.m2/repository/com/fasterxml/jackson/datatype/jackson-datatype-jsr310/2.12.5/jackson-datatype-jsr310-2.12.5.jar:/Users/gordonsu/.m2/repository/com/fasterxml/jackson/module/jackson-module-parameter-names/2.12.5/jackson-module-parameter-names-2.12.5.jar:/Users/gordonsu/.m2/repository/org/springframework/boot/spring-boot-starter-test/2.5.6/spring-boot-starter-test-2.5.6.jar:/Users/gordonsu/.m2/repository/org/springframework/boot/spring-boot-test/2.5.6/spring-boot-test-2.5.6.jar:/Users/gordonsu/.m2/repository/org/springframework/boot/spring-boot-test-autoconfigure/2.5.6/spring-boot-test-autoconfigure-2.5.6.jar:/Users/gordonsu/.m2/repository/com/jayway/jsonpath/json-path/2.5.0/json-path-2.5.0.jar:/Users/gordonsu/.m2/repository/net/minidev/json-smart/2.4.7/json-smart-2.4.7.jar:/Users/gordonsu/.m2/repository/net/minidev/accessors-smart/2.4.7/accessors-smart-2.4.7.jar:/Users/gordonsu/.m2/repository/jakarta/xml/bind/jakarta.xml.bind-api/2.3.3/jakarta.xml.bind-api-2.3.3.jar:/Users/gordonsu/.m2/repository/jakarta/activation/jakarta.activation-api/1.2.2/jakarta.activation-api-1.2.2.jar:/Users/gordonsu/.m2/repository/org/assertj/assertj-core/3.19.0/assertj-core-3.19.0.jar:/Users/gordonsu/.m2/repository/org/hamcrest/hamcrest/2.2/hamcrest-2.2.jar:/Users/gordonsu/.m2/repository/org/junit/jupiter/junit-jupiter/5.7.2/junit-jupiter-5.7.2.jar:/Users/gordonsu/.m2/repository/org/junit/jupiter/junit-jupiter-api/5.7.2/junit-jupiter-api-5.7.2.jar:/Users/gordonsu/.m2/repository/org/junit/jupiter/junit-jupiter-params/5.7.2/junit-jupiter-params-5.7.2.jar:/Users/gordonsu/.m2/repository/org/junit/jupiter/junit-jupiter-engine/5.7.2/junit-jupiter-engine-5.7.2.jar:/Users/gordonsu/.m2/repository/org/mockito/mockito-core/3.9.0/mockito-core-3.9.0.jar:/Users/gordonsu/.m2/repository/net/bytebuddy/byte-buddy-agent/1.10.22/byte-buddy-agent-1.10.22.jar:/Users/gordonsu/.m2/repository/org/objenesis/objenesis/3.2/objenesis-3.2.jar:/Users/gordonsu/.m2/repository/org/mockito/mockito-junit-jupiter/3.9.0/mockito-junit-jupiter-3.9.0.jar:/Users/gordonsu/.m2/repository/org/skyscreamer/jsonassert/1.5.0/jsonassert-1.5.0.jar:/Users/gordonsu/.m2/repository/com/vaadin/external/google/android-json/0.0.20131108.vaadin1/android-json-0.0.20131108.vaadin1.jar:/Users/gordonsu/.m2/repository/org/springframework/spring-test/5.3.12/spring-test-5.3.12.jar:/Users/gordonsu/.m2/repository/org/xmlunit/xmlunit-core/2.8.3/xmlunit-core-2.8.3.jar:/Users/gordonsu/.m2/repository/junit/junit/4.13/junit-4.13.jar:/Users/gordonsu/.m2/repository/org/hamcrest/hamcrest-core/2.2/hamcrest-core-2.2.jar:/Users/gordonsu/.m2/repository/org/junit/vintage/junit-vintage-engine/5.7.2/junit-vintage-engine-5.7.2.jar:/Users/gordonsu/.m2/repository/org/apiguardian/apiguardian-api/1.1.0/apiguardian-api-1.1.0.jar:/Users/gordonsu/.m2/repository/org/junit/platform/junit-platform-engine/1.7.2/junit-platform-engine-1.7.2.jar:/Users/gordonsu/.m2/repository/org/opentest4j/opentest4j/1.2.0/opentest4j-1.2.0.jar:/Users/gordonsu/.m2/repository/org/junit/platform/junit-platform-commons/1.7.2/junit-platform-commons-1.7.2.jar:/Users/gordonsu/.m2/repository/org/slf4j/slf4j-simple/1.7.30/slf4j-simple-1.7.30.jar:/Users/gordonsu/.m2/repository/io/cucumber/cucumber-java/5.1.3/cucumber-java-5.1.3.jar:/Users/gordonsu/.m2/repository/io/cucumber/cucumber-core/5.1.3/cucumber-core-5.1.3.jar:/Users/gordonsu/.m2/repository/io/cucumber/cucumber-gherkin/5.1.3/cucumber-gherkin-5.1.3.jar:/Users/gordonsu/.m2/repository/io/cucumber/cucumber-gherkin-vintage/5.1.3/cucumber-gherkin-vintage-5.1.3.jar:/Users/gordonsu/.m2/repository/io/cucumber/tag-expressions/2.0.4/tag-expressions-2.0.4.jar:/Users/gordonsu/.m2/repository/io/cucumber/cucumber-expressions/8.3.1/cucumber-expressions-8.3.1.jar:/Users/gordonsu/.m2/repository/io/cucumber/datatable/3.2.1/datatable-3.2.1.jar:/Users/gordonsu/.m2/repository/io/cucumber/cucumber-plugin/5.1.3/cucumber-plugin-5.1.3.jar:/Users/gordonsu/.m2/repository/io/cucumber/docstring/5.1.3/docstring-5.1.3.jar:/Users/gordonsu/.m2/repository/io/cucumber/cucumber-junit/5.1.3/cucumber-junit-5.1.3.jar:/Users/gordonsu/.m2/repository/javax/servlet/javax.servlet-api/3.1.0/javax.servlet-api-3.1.0.jar:/Users/gordonsu/.m2/repository/org/seleniumhq/selenium/selenium-support/3.141.59/selenium-support-3.141.59.jar:/Users/gordonsu/.m2/repository/org/seleniumhq/selenium/selenium-api/3.141.59/selenium-api-3.141.59.jar:/Users/gordonsu/.m2/repository/org/seleniumhq/selenium/selenium-remote-driver/3.141.59/selenium-remote-driver-3.141.59.jar:/Users/gordonsu/.m2/repository/org/apache/commons/commons-exec/1.3/commons-exec-1.3.jar:/Users/gordonsu/.m2/repository/com/google/guava/guava/25.0-jre/guava-25.0-jre.jar:/Users/gordonsu/.m2/repository/com/google/code/findbugs/jsr305/1.3.9/jsr305-1.3.9.jar:/Users/gordonsu/.m2/repository/org/checkerframework/checker-compat-qual/2.0.0/checker-compat-qual-2.0.0.jar:/Users/gordonsu/.m2/repository/com/google/errorprone/error_prone_annotations/2.1.3/error_prone_annotations-2.1.3.jar:/Users/gordonsu/.m2/repository/com/google/j2objc/j2objc-annotations/1.1/j2objc-annotations-1.1.jar:/Users/gordonsu/.m2/repository/org/codehaus/mojo/animal-sniffer-annotations/1.14/animal-sniffer-annotations-1.14.jar:/Users/gordonsu/.m2/repository/com/squareup/okhttp3/okhttp/3.14.9/okhttp-3.14.9.jar:/Users/gordonsu/.m2/repository/com/squareup/okio/okio/1.14.0/okio-1.14.0.jar:/Users/gordonsu/.m2/repository/org/seleniumhq/selenium/selenium-chrome-driver/3.141.59/selenium-chrome-driver-3.141.59.jar:/Users/gordonsu/.m2/repository/io/github/bonigarcia/webdrivermanager/5.0.2/webdrivermanager-5.0.2.jar:/Users/gordonsu/.m2/repository/org/jsoup/jsoup/1.14.2/jsoup-1.14.2.jar:/Users/gordonsu/.m2/repository/com/github/docker-java/docker-java/3.2.11/docker-java-3.2.11.jar:/Users/gordonsu/.m2/repository/com/github/docker-java/docker-java-core/3.2.11/docker-java-core-3.2.11.jar:/Users/gordonsu/.m2/repository/com/github/docker-java/docker-java-api/3.2.11/docker-java-api-3.2.11.jar:/Users/gordonsu/.m2/repository/commons-io/commons-io/2.6/commons-io-2.6.jar:/Users/gordonsu/.m2/repository/org/apache/commons/commons-compress/1.20/commons-compress-1.20.jar:/Users/gordonsu/.m2/repository/commons-lang/commons-lang/2.6/commons-lang-2.6.jar:/Users/gordonsu/.m2/repository/org/bouncycastle/bcpkix-jdk15on/1.64/bcpkix-jdk15on-1.64.jar:/Users/gordonsu/.m2/repository/org/bouncycastle/bcprov-jdk15on/1.64/bcprov-jdk15on-1.64.jar:/Users/gordonsu/.m2/repository/org/slf4j/jcl-over-slf4j/1.7.32/jcl-over-slf4j-1.7.32.jar:/Users/gordonsu/.m2/repository/com/github/docker-java/docker-java-transport-httpclient5/3.2.11/docker-java-transport-httpclient5-3.2.11.jar:/Users/gordonsu/.m2/repository/com/github/docker-java/docker-java-transport/3.2.11/docker-java-transport-3.2.11.jar:/Users/gordonsu/.m2/repository/org/apache/httpcomponents/client5/httpclient5/5.0.4/httpclient5-5.0.4.jar:/Users/gordonsu/.m2/repository/org/apache/httpcomponents/core5/httpcore5/5.1.2/httpcore5-5.1.2.jar:/Users/gordonsu/.m2/repository/commons-codec/commons-codec/1.15/commons-codec-1.15.jar:/Users/gordonsu/.m2/repository/net/java/dev/jna/jna/5.8.0/jna-5.8.0.jar:/Users/gordonsu/.m2/repository/org/brotli/dec/0.1.2/dec-0.1.2.jar:/Users/gordonsu/.m2/repository/org/mockito/mockito-all/1.9.5/mockito-all-1.9.5.jar:/Users/gordonsu/.m2/repository/com/google/code/gson/gson/2.8.8/gson-2.8.8.jar:/Users/gordonsu/.m2/repository/org/xerial/sqlite-jdbc/3.32.3/sqlite-jdbc-3.32.3.jar:/Users/gordonsu/.m2/repository/com/googlecode/json-simple/json-simple/1.1.1/json-simple-1.1.1.jar:"/>
    <property name="sun.cpu.endian" value="little"/>
    <property name="user.home" value="/Users/gordonsu"/>
    <property name="user.language" value="en"/>
    <property name="java.specification.vendor" value="Oracle Corporation"/>
    <property name="java.version.date" value="2020-04-14"/>
    <property name="java.home" value="/Library/Java/JavaVirtualMachines/jdk-14.0.1.jdk/Contents/Home"/>
    <property name="file.separator" value="/"/>
    <property name="basedir" value="/Users/gordonsu/Documents/CSCI_310/20213-project-team34"/>
    <property name="java.vm.compressedOopsMode" value="Zero based"/>
    <property name="line.separator" value="&#10;"/>
    <property name="java.specification.name" value="Java Platform API Specification"/>
    <property name="java.vm.specification.vendor" value="Oracle Corporation"/>
    <property name="surefire.real.class.path" value="/Users/gordonsu/Documents/CSCI_310/20213-project-team34/target/surefire/surefirebooter7231501578136590663.jar"/>
    <property name="sun.management.compiler" value="HotSpot 64-Bit Tiered Compilers"/>
    <property name="ftp.nonProxyHosts" value="local|*.local|169.254/16|*.169.254/16"/>
    <property name="java.runtime.version" value="14.0.1+7"/>
    <property name="user.name" value="gordonsu"/>
    <property name="path.separator" value=":"/>
    <property name="os.version" value="10.15.7"/>
    <property name="java.runtime.name" value="Java(TM) SE Runtime Environment"/>
    <property name="file.encoding" value="UTF-8"/>
    <property name="java.vm.name" value="Java HotSpot(TM) 64-Bit Server VM"/>
    <property name="localRepository" value="/Users/gordonsu/.m2/repository"/>
    <property name="java.vendor.url.bug" value="https://bugreport.java.com/bugreport/"/>
    <property name="java.io.tmpdir" value="/var/folders/2q/b2pqykvx51bbdt1yqjgmmqcr0000gn/T/"/>
    <property name="idea.version" value="2020.2.3"/>
    <property name="java.version" value="14.0.1"/>
    <property name="user.dir" value="/Users/gordonsu/Documents/CSCI_310/20213-project-team34"/>
    <property name="os.arch" value="x86_64"/>
    <property name="java.vm.specification.name" value="Java Virtual Machine Specification"/>
    <property name="java.library.path" value="/Users/gordonsu/Library/Java/Extensions:/Library/Java/Extensions:/Network/Library/Java/Extensions:/System/Library/Java/Extensions:/usr/lib/java:."/>
    <property name="java.vm.info" value="mixed mode, sharing"/>
    <property name="java.vendor" value="Oracle Corporation"/>
    <property name="java.vm.version" value="14.0.1+7"/>
    <property name="sun.io.unicode.encoding" value="UnicodeBig"/>
    <property name="socksNonProxyHosts" value="local|*.local|169.254/16|*.169.254/16"/>
    <property name="java.class.version" value="58.0"/>
  </properties>
  <testcase name="initializationError" classname="cucumber.RunCucumberTests" time="0.092">
    <error message="Failed to parse resource at: classpath:cucumber/loginAndRegister.feature" type="io.cucumber.core.gherkin.FeatureParserException">io.cucumber.core.gherkin.FeatureParserException: Failed to parse resource at: classpath:cucumber/loginAndRegister.feature
Caused by: io.cucumber.core.gherkin.vintage.internal.gherkin.ParserException$CompositeParserException: 
Parser errors:
(12:5): expected: #EOF, #TableRow, #DocStringSeparator, #StepLine, #TagLine, #ScenarioLine, #ScenarioOutlineLine, #Comment, #Empty, got 'And'
</error>
  </testcase>
</testsuite>